/tmp/.mount_krita.NeAbhg/usr/bin/ffmpeg -hide_banner -y -y -r 24 -start_number 0 -start_number_range 1 -i /home/noob/Documents/_CURRENT_WORK/aulas7S/automacao/saw_trap_project/comics/frame%04d.png -i /home/noob/Documents/_CURRENT_WORK/aulas7S/automacao/saw_trap_project/comics/KritaTempPalettegen_%06d.png -lavfi [0:v][1:v]paletteuse=dither=sierra2_4a:diff_mode=none -f gif -loop 0 -gifflags +transdiff /home/noob/Documents/_CURRENT_WORK/aulas7S/automacao/saw_trap_project/comics/saw_comic_slide.gif
=====================================================
Input #0, image2, from '/home/noob/Documents/_CURRENT_WORK/aulas7S/automacao/saw_trap_project/comics/frame%04d.png':
  Duration: 00:00:00.76, start: 0.000000, bitrate: N/A
  Stream #0:0: Video: png, rgba(pc, gbr/unknown/unknown), 3307x1772 [SAR 11811:11811 DAR 3307:1772], 25 fps, 25 tbr, 25 tbn
Input #1, image2, from '/home/noob/Documents/_CURRENT_WORK/aulas7S/automacao/saw_trap_project/comics/KritaTempPalettegen_%06d.png':
  Duration: 00:00:00.04, start: 0.000000, bitrate: N/A
  Stream #1:0: Video: png, rgba(pc, gbr/unknown/unknown), 16x16 [SAR 1:1 DAR 1:1], 25 fps, 25 tbr, 25 tbn
Stream mapping:
  Stream #0:0 (png) -> paletteuse
  Stream #1:0 (png) -> paletteuse
  paletteuse:default -> Stream #0:0 (gif)
Press [q] to stop, [?] for help
Output #0, gif, to '/home/noob/Documents/_CURRENT_WORK/aulas7S/automacao/saw_trap_project/comics/saw_comic_slide.gif':
  Metadata:
    encoder         : Lavf61.7.100
  Stream #0:0: Video: gif, pal8(pc, gbr/unknown/unknown, progressive), 3307x1772 [SAR 1:1 DAR 3307:1772], q=2-31, 200 kb/s, 24 fps, 100 tbn
      Metadata:
        encoder         : Lavc61.19.101 gif
frame=    4 fps=0.0 q=-0.0 size=     256KiB time=00:00:00.16 bitrate=12582.9kbits/s speed=0.333x    frame=   10 fps= 10 q=-0.0 size=     256KiB time=00:00:00.41 bitrate=5033.2kbits/s speed=0.417x    frame=   16 fps= 11 q=-0.0 size=     256KiB time=00:00:00.66 bitrate=3145.7kbits/s speed=0.444x    [out#0/gif @ 0x60a4695281c0] video:321KiB audio:0KiB subtitle:0KiB other streams:0KiB global headers:0KiB muxing overhead: 0.006090%
frame=   19 fps= 11 q=-0.0 Lsize=     321KiB time=00:00:00.79 bitrate=3319.0kbits/s speed=0.474x    
